2026-05-10 13:17:53 | ERROR    | src.infrastructure.adapters.github_adapter:_request:34 - Request failed: 422 Client Error: Unprocessable Entity for url: https://api.github.com/repos/pandas-dev/pandas/issues?state=all&per_page=100&page=100&sort=updated&direction=desc

2026-05-10 13:17:53 | ERROR    | src.application.use_cases.extract_github_data:execute:31 - Error procesando pandas-dev/pandas: 422 Client Error: Unprocessable Entity for url: https://api.github.com/repos/pandas-dev/pandas/issues?state=all&per_page=100&page=100&sort=updated&direction=desc

2026-05-10 13:19:50 | ERROR    | src.infrastructure.adapters.github_adapter:_request:34 - Request failed: 422 Client Error: Unprocessable Entity for url: https://api.github.com/repos/microsoft/vscode/issues?state=all&per_page=100&page=100&sort=updated&direction=desc

2026-05-10 13:19:50 | ERROR    | src.application.use_cases.extract_github_data:execute:31 - Error procesando microsoft/vscode: 422 Client Error: Unprocessable Entity for url: https://api.github.com/repos/microsoft/vscode/issues?state=all&per_page=100&page=100&sort=updated&direction=desc

2026-05-10 13:23:36 | ERROR    | src.infrastructure.adapters.github_adapter:_request:34 - Request failed: 422 Client Error: Unprocessable Entity for url: https://api.github.com/repos/pandas-dev/pandas/issues?state=all&per_page=100&page=100&sort=updated&direction=desc

2026-05-10 13:23:36 | ERROR    | src.application.use_cases.extract_github_data:execute:31 - Error procesando pandas-dev/pandas: 422 Client Error: Unprocessable Entity for url: https://api.github.com/repos/pandas-dev/pandas/issues?state=all&per_page=100&page=100&sort=updated&direction=desc

2026-05-10 13:25:34 | ERROR    | src.infrastructure.adapters.github_adapter:_request:34 - Request failed: 422 Client Error: Unprocessable Entity for url: https://api.github.com/repos/microsoft/vscode/issues?state=all&per_page=100&page=100&sort=updated&direction=desc

2026-05-10 13:29:30 | ERROR    | src.application.use_cases.extract_github_data:execute:31 - Error procesando microsoft/vscode: 422 Client Error: Unprocessable Entity for url: https://api.github.com/repos/microsoft/vscode/issues?state=all&per_page=100&page=100&sort=updated&direction=desc

2026-05-10 13:32:28 | ERROR    | src.application.use_cases.extract_github_data:execute:31 - Error procesando pandas-dev/pandas: Session.bulk_save_objects() got an unexpected keyword argument 'upsert'

2026-05-10 13:33:56 | ERROR    | src.application.use_cases.extract_github_data:execute:31 - Error procesando microsoft/vscode: Session.bulk_save_objects() got an unexpected keyword argument 'upsert'

2026-05-10 13:34:56 | ERROR    | src.application.use_cases.extract_github_data:execute:31 - Error procesando yeprepue/sacadatos: 'NoneType' object has no attribute 'get'

2026-05-10 13:36:11 | ERROR    | src.application.use_cases.extract_github_data:execute:31 - Error procesando pandas-dev/pandas: Session.bulk_save_objects() got an unexpected keyword argument 'upsert'

2026-05-10 13:37:36 | ERROR    | src.application.use_cases.extract_github_data:execute:31 - Error procesando microsoft/vscode: Session.bulk_save_objects() got an unexpected keyword argument 'upsert'

2026-05-10 13:47:40 | ERROR    | src.application.use_cases.extract_github_data:execute:31 - Error procesando yeprepue/sacadatos: 'NoneType' object has no attribute 'get'

2026-05-10 13:48:55 | ERROR    | src.application.use_cases.extract_github_data:execute:31 - Error procesando pandas-dev/pandas: (raised as a result of Query-invoked autoflush; consider using a session.no_autoflush block if this flush is occurring prematurely)
(psycopg2.errors.NumericValueOutOfRange) entero fuera de rango

[SQL: INSERT INTO issues (id, repo_id, number, title, state, created_at, updated_at, closed_at, user_login, extraction_date) VALUES (%(id)s, %(repo_id)s, %(number)s, %(title)s, %(state)s, %(created_at)s, %(updated_at)s, %(closed_at)s, %(user_login)s, %(extraction_date)s)]
[parameters: {'id': 4416369813, 'repo_id': 1, 'number': 65575, 'title': 'Dataset sharing: Financial Data Bundle (3,518 real records)', 'state': 'closed', 'created_at': datetime.datetime(2026, 5, 10, 17, 52, 26, tzinfo=datetime.timezone.utc), 'updated_at': datetime.datetime(2026, 5, 10, 18, 21, 36, tzinfo=datetime.timezone.utc), 'closed_at': datetime.datetime(2026, 5, 10, 18, 21, 36, tzinfo=datetime.timezone.utc), 'user_login': 'matisaar', 'extraction_date': datetime.datetime(2026, 5, 10, 13, 48, 54, 844920)}]
(Background on this error at: https://sqlalche.me/e/20/9h9h)

2026-05-10 13:50:20 | ERROR    | src.application.use_cases.extract_github_data:execute:31 - Error procesando microsoft/vscode: (raised as a result of Query-invoked autoflush; consider using a session.no_autoflush block if this flush is occurring prematurely)
(psycopg2.errors.NumericValueOutOfRange) entero fuera de rango

[SQL: INSERT INTO issues (id, repo_id, number, title, state, created_at, updated_at, closed_at, user_login, extraction_date) VALUES (%(id)s, %(repo_id)s, %(number)s, %(title)s, %(state)s, %(created_at)s, %(updated_at)s, %(closed_at)s, %(user_login)s, %(extraction_date)s)]
[parameters: {'id': 4416482625, 'repo_id': 2, 'number': 315559, 'title': 'Extension idea: DataForge dataset preview for CSV files', 'state': 'closed', 'created_at': datetime.datetime(2026, 5, 10, 18, 40, 15, tzinfo=datetime.timezone.utc), 'updated_at': datetime.datetime(2026, 5, 10, 18, 48, 36, tzinfo=datetime.timezone.utc), 'closed_at': datetime.datetime(2026, 5, 10, 18, 45, 27, tzinfo=datetime.timezone.utc), 'user_login': 'matisaar', 'extraction_date': datetime.datetime(2026, 5, 10, 13, 50, 17, 350872)}]
(Background on this error at: https://sqlalche.me/e/20/9h9h)

2026-05-10 13:55:13 | ERROR    | src.application.use_cases.extract_github_data:execute:31 - Error procesando yeprepue/sacadatos: 'NoneType' object has no attribute 'get'

2026-05-10 13:56:37 | ERROR    | src.application.use_cases.extract_github_data:execute:31 - Error procesando pandas-dev/pandas: This Session's transaction has been rolled back due to a previous exception during flush. To begin a new transaction with this Session, first issue Session.rollback(). Original exception was: (raised as a result of Query-invoked autoflush; consider using a session.no_autoflush block if this flush is occurring prematurely)
(psycopg2.errors.NumericValueOutOfRange) entero fuera de rango

[SQL: INSERT INTO issues (id, repo_id, number, title, state, created_at, updated_at, closed_at, user_login, extraction_date) VALUES (%(id)s, %(repo_id)s, %(number)s, %(title)s, %(state)s, %(created_at)s, %(updated_at)s, %(closed_at)s, %(user_login)s, %(extraction_date)s)]
[parameters: {'id': 4416369813, 'repo_id': 1, 'number': 65575, 'title': 'Dataset sharing: Financial Data Bundle (3,518 real records)', 'state': 'closed', 'created_at': datetime.datetime(2026, 5, 10, 17, 52, 26, tzinfo=datetime.timezone.utc), 'updated_at': datetime.datetime(2026, 5, 10, 18, 21, 36, tzinfo=datetime.timezone.utc), 'closed_at': datetime.datetime(2026, 5, 10, 18, 21, 36, tzinfo=datetime.timezone.utc), 'user_login': 'matisaar', 'extraction_date': datetime.datetime(2026, 5, 10, 13, 56, 32, 390295)}]
(Background on this error at: https://sqlalche.me/e/20/9h9h) (Background on this error at: https://sqlalche.me/e/20/7s2a)

2026-05-10 13:58:08 | ERROR    | src.application.use_cases.extract_github_data:execute:31 - Error procesando microsoft/vscode: This Session's transaction has been rolled back due to a previous exception during flush. To begin a new transaction with this Session, first issue Session.rollback(). Original exception was: (raised as a result of Query-invoked autoflush; consider using a session.no_autoflush block if this flush is occurring prematurely)
(psycopg2.errors.NumericValueOutOfRange) entero fuera de rango

[SQL: INSERT INTO issues (id, repo_id, number, title, state, created_at, updated_at, closed_at, user_login, extraction_date) VALUES (%(id)s, %(repo_id)s, %(number)s, %(title)s, %(state)s, %(created_at)s, %(updated_at)s, %(closed_at)s, %(user_login)s, %(extraction_date)s)]
[parameters: {'id': 4416512917, 'repo_id': 2, 'number': 315560, 'title': 'FUCK VS CODE!', 'state': 'open', 'created_at': datetime.datetime(2026, 5, 10, 18, 53, 9, tzinfo=datetime.timezone.utc), 'updated_at': datetime.datetime(2026, 5, 10, 18, 53, 9, tzinfo=datetime.timezone.utc), 'closed_at': None, 'user_login': 'UnitedStatesPerformanceCenter', 'extraction_date': datetime.datetime(2026, 5, 10, 13, 58, 0, 561200)}]
(Background on this error at: https://sqlalche.me/e/20/9h9h) (Background on this error at: https://sqlalche.me/e/20/7s2a)

